
   Predis\Connection\ConnectionException 

  Connection refused [tcp://127.0.0.1:63782]

  at vendor/predis/predis/src/Connection/AbstractConnection.php:131
    127▕      */
    128▕     protected function onConnectionError($message, $code = 0)
    129▕     {
    130▕         CommunicationException::handle(
  ➜ 131▕             new ConnectionException($this, "$message [{$this->getParameters()}]", $code)
    132▕         );
    133▕     }
    134▕ 
    135▕     /**

      [2m+32 vendor frames [22m
  33  artisan:35
      Illuminate\Foundation\Console\Kernel::handle(Object(Symfony\Component\Console\Input\ArgvInput), Object(Symfony\Component\Console\Output\ConsoleOutput))

   Predis\Connection\ConnectionException 

  Connection refused [tcp://127.0.0.1:63782]

  at vendor/predis/predis/src/Connection/AbstractConnection.php:131
    127▕      */
    128▕     protected function onConnectionError($message, $code = 0)
    129▕     {
    130▕         CommunicationException::handle(
  ➜ 131▕             new ConnectionException($this, "$message [{$this->getParameters()}]", $code)
    132▕         );
    133▕     }
    134▕ 
    135▕     /**

      [2m+32 vendor frames [22m
  33  artisan:35
      Illuminate\Foundation\Console\Kernel::handle(Object(Symfony\Component\Console\Input\ArgvInput), Object(Symfony\Component\Console\Output\ConsoleOutput))

   Predis\Connection\ConnectionException 

  Connection refused [tcp://127.0.0.1:63782]

  at vendor/predis/predis/src/Connection/AbstractConnection.php:131
    127▕      */
    128▕     protected function onConnectionError($message, $code = 0)
    129▕     {
    130▕         CommunicationException::handle(
  ➜ 131▕             new ConnectionException($this, "$message [{$this->getParameters()}]", $code)
    132▕         );
    133▕     }
    134▕ 
    135▕     /**

      [2m+32 vendor frames [22m
  33  artisan:35
      Illuminate\Foundation\Console\Kernel::handle(Object(Symfony\Component\Console\Input\ArgvInput), Object(Symfony\Component\Console\Output\ConsoleOutput))

   Predis\Connection\ConnectionException 

  Connection refused [tcp://127.0.0.1:63782]

  at vendor/predis/predis/src/Connection/AbstractConnection.php:131
    127▕      */
    128▕     protected function onConnectionError($message, $code = 0)
    129▕     {
    130▕         CommunicationException::handle(
  ➜ 131▕             new ConnectionException($this, "$message [{$this->getParameters()}]", $code)
    132▕         );
    133▕     }
    134▕ 
    135▕     /**

      [2m+32 vendor frames [22m
  33  artisan:35
      Illuminate\Foundation\Console\Kernel::handle(Object(Symfony\Component\Console\Input\ArgvInput), Object(Symfony\Component\Console\Output\ConsoleOutput))

   Predis\Connection\ConnectionException 

  Connection refused [tcp://127.0.0.1:63782]

  at vendor/predis/predis/src/Connection/AbstractConnection.php:131
    127▕      */
    128▕     protected function onConnectionError($message, $code = 0)
    129▕     {
    130▕         CommunicationException::handle(
  ➜ 131▕             new ConnectionException($this, "$message [{$this->getParameters()}]", $code)
    132▕         );
    133▕     }
    134▕ 
    135▕     /**

      [2m+32 vendor frames [22m
  33  artisan:35
      Illuminate\Foundation\Console\Kernel::handle(Object(Symfony\Component\Console\Input\ArgvInput), Object(Symfony\Component\Console\Output\ConsoleOutput))

   Predis\Connection\ConnectionException 

  Connection refused [tcp://127.0.0.1:63782]

  at vendor/predis/predis/src/Connection/AbstractConnection.php:131
    127▕      */
    128▕     protected function onConnectionError($message, $code = 0)
    129▕     {
    130▕         CommunicationException::handle(
  ➜ 131▕             new ConnectionException($this, "$message [{$this->getParameters()}]", $code)
    132▕         );
    133▕     }
    134▕ 
    135▕     /**

      [2m+32 vendor frames [22m
  33  artisan:35
      Illuminate\Foundation\Console\Kernel::handle(Object(Symfony\Component\Console\Input\ArgvInput), Object(Symfony\Component\Console\Output\ConsoleOutput))

   Predis\Connection\ConnectionException 

  Connection refused [tcp://127.0.0.1:63782]

  at vendor/predis/predis/src/Connection/AbstractConnection.php:131
    127▕      */
    128▕     protected function onConnectionError($message, $code = 0)
    129▕     {
    130▕         CommunicationException::handle(
  ➜ 131▕             new ConnectionException($this, "$message [{$this->getParameters()}]", $code)
    132▕         );
    133▕     }
    134▕ 
    135▕     /**

      [2m+32 vendor frames [22m
  33  artisan:35
      Illuminate\Foundation\Console\Kernel::handle(Object(Symfony\Component\Console\Input\ArgvInput), Object(Symfony\Component\Console\Output\ConsoleOutput))

   Predis\Connection\ConnectionException 

  Connection refused [tcp://127.0.0.1:63782]

  at vendor/predis/predis/src/Connection/AbstractConnection.php:131
    127▕      */
    128▕     protected function onConnectionError($message, $code = 0)
    129▕     {
    130▕         CommunicationException::handle(
  ➜ 131▕             new ConnectionException($this, "$message [{$this->getParameters()}]", $code)
    132▕         );
    133▕     }
    134▕ 
    135▕     /**

      [2m+32 vendor frames [22m
  33  artisan:35
      Illuminate\Foundation\Console\Kernel::handle(Object(Symfony\Component\Console\Input\ArgvInput), Object(Symfony\Component\Console\Output\ConsoleOutput))

   Predis\Connection\ConnectionException 

  Connection refused [tcp://127.0.0.1:63782]

  at vendor/predis/predis/src/Connection/AbstractConnection.php:131
    127▕      */
    128▕     protected function onConnectionError($message, $code = 0)
    129▕     {
    130▕         CommunicationException::handle(
  ➜ 131▕             new ConnectionException($this, "$message [{$this->getParameters()}]", $code)
    132▕         );
    133▕     }
    134▕ 
    135▕     /**

      [2m+32 vendor frames [22m
  33  artisan:35
      Illuminate\Foundation\Console\Kernel::handle(Object(Symfony\Component\Console\Input\ArgvInput), Object(Symfony\Component\Console\Output\ConsoleOutput))

   Predis\Connection\ConnectionException 

  Connection refused [tcp://127.0.0.1:63782]

  at vendor/predis/predis/src/Connection/AbstractConnection.php:131
    127▕      */
    128▕     protected function onConnectionError($message, $code = 0)
    129▕     {
    130▕         CommunicationException::handle(
  ➜ 131▕             new ConnectionException($this, "$message [{$this->getParameters()}]", $code)
    132▕         );
    133▕     }
    134▕ 
    135▕     /**

      [2m+32 vendor frames [22m
  33  artisan:35
      Illuminate\Foundation\Console\Kernel::handle(Object(Symfony\Component\Console\Input\ArgvInput), Object(Symfony\Component\Console\Output\ConsoleOutput))

   Predis\Connection\ConnectionException 

  Connection refused [tcp://127.0.0.1:63782]

  at vendor/predis/predis/src/Connection/AbstractConnection.php:131
    127▕      */
    128▕     protected function onConnectionError($message, $code = 0)
    129▕     {
    130▕         CommunicationException::handle(
  ➜ 131▕             new ConnectionException($this, "$message [{$this->getParameters()}]", $code)
    132▕         );
    133▕     }
    134▕ 
    135▕     /**

      [2m+32 vendor frames [22m
  33  artisan:35
      Illuminate\Foundation\Console\Kernel::handle(Object(Symfony\Component\Console\Input\ArgvInput), Object(Symfony\Component\Console\Output\ConsoleOutput))

   Predis\Connection\ConnectionException 

  Connection refused [tcp://127.0.0.1:63782]

  at vendor/predis/predis/src/Connection/AbstractConnection.php:131
    127▕      */
    128▕     protected function onConnectionError($message, $code = 0)
    129▕     {
    130▕         CommunicationException::handle(
  ➜ 131▕             new ConnectionException($this, "$message [{$this->getParameters()}]", $code)
    132▕         );
    133▕     }
    134▕ 
    135▕     /**

      [2m+32 vendor frames [22m
  33  artisan:35
      Illuminate\Foundation\Console\Kernel::handle(Object(Symfony\Component\Console\Input\ArgvInput), Object(Symfony\Component\Console\Output\ConsoleOutput))
